<?xml version="1.0" encoding="UTF-8"?>
<!-- Generated by org.testng.reporters.JUnitXMLReporter -->
<testsuite ignored="0" hostname="LAPTOP-ODC9LKHR" failures="0" tests="3" name="Default test" time="0.06" errors="0" timestamp="2021-08-30T20:03:22 IST">
  <testcase classname="Practice.Git2" name="createOrgTest" time="0.009"/>
  <testcase classname="Practice.Git2" name="createOrgTestWithRatingTest" time="0.002"/>
  <testcase classname="Practice.Git2" name="createOrgWithIndustriesTest" time="0.002"/>
</testsuite> <!-- Default test -->
