<?xml version="1.0" encoding="UTF-8"?>
<testng-results ignored="0" total="3" passed="3" failed="0" skipped="0">
  <reporter-output>
  </reporter-output>
  <suite started-at="2021-08-30T20:03:22 IST" name="Default suite" finished-at="2021-08-30T20:03:22 IST" duration-ms="60">
    <groups>
    </groups>
    <test started-at="2021-08-30T20:03:22 IST" name="Default test" finished-at="2021-08-30T20:03:22 IST" duration-ms="60">
      <class name="Practice.Git2">
        <test-method signature="createOrgTest()[pri:0, instance:Practice.Git2@78b66d36]" started-at="2021-08-30T20:03:22 IST" name="createOrgTest" finished-at="2021-08-30T20:03:22 IST" duration-ms="9" status="PASS">
          <reporter-output>
          </reporter-output>
        </test-method> <!-- createOrgTest -->
        <test-method signature="createOrgTestWithRatingTest()[pri:0, instance:Practice.Git2@78b66d36]" started-at="2021-08-30T20:03:22 IST" name="createOrgTestWithRatingTest" finished-at="2021-08-30T20:03:22 IST" duration-ms="2" status="PASS">
          <reporter-output>
          </reporter-output>
        </test-method> <!-- createOrgTestWithRatingTest -->
        <test-method signature="createOrgWithIndustriesTest()[pri:0, instance:Practice.Git2@78b66d36]" started-at="2021-08-30T20:03:22 IST" name="createOrgWithIndustriesTest" finished-at="2021-08-30T20:03:22 IST" duration-ms="2" status="PASS">
          <reporter-output>
          </reporter-output>
        </test-method> <!-- createOrgWithIndustriesTest -->
      </class> <!-- Practice.Git2 -->
    </test> <!-- Default test -->
  </suite> <!-- Default suite -->
</testng-results>
